<?xml version="1.0" encoding="utf-8"?><testsuites name="pytest tests"><testsuite name="pytest" errors="0" failures="0" skipped="0" tests="9" time="1.180" timestamp="2026-06-26T00:17:54.313646+00:00" hostname="agent-env-e9d82882-c57b-4b81-a602-2f320ff31ac9"><testcase classname="tests.test_imex_backend" name="test_root" time="0.253" /><testcase classname="tests.test_imex_backend" name="test_opportunities" time="0.049" /><testcase classname="tests.test_imex_backend" name="test_landed_cost_defaults" time="0.044" /><testcase classname="tests.test_imex_backend" name="test_landed_cost_category_changes_duty" time="0.085" /><testcase classname="tests.test_imex_backend" name="test_landed_cost_destination_changes_freight" time="0.141" /><testcase classname="tests.test_imex_backend" name="test_landed_cost_validation" time="0.087" /><testcase classname="tests.test_imex_backend" name="test_import_vs_local_import_cheaper" time="0.045" /><testcase classname="tests.test_imex_backend" name="test_import_vs_local_local_cheaper" time="0.040" /><testcase classname="tests.test_imex_backend" name="test_profit_mode" time="0.041" /></testsuite></testsuites>