<?xml version="1.0" encoding="utf-8"?><testsuites name="pytest tests"><testsuite name="pytest" errors="0" failures="0" skipped="0" tests="10" time="4.671" timestamp="2026-06-25T17:24:46.546352+00:00" hostname="agent-env-e9d82882-c57b-4b81-a602-2f320ff31ac9"><testcase classname="tests.test_imex_backend" name="test_root" time="0.232" /><testcase classname="tests.test_imex_backend" name="test_dashboard_stats" time="0.089" /><testcase classname="tests.test_imex_backend" name="test_opportunities" time="0.045" /><testcase classname="tests.test_imex_backend" name="test_landed_cost" time="0.053" /><testcase classname="tests.test_imex_backend" name="test_landed_cost_validation" time="0.045" /><testcase classname="tests.test_imex_backend" name="test_import_vs_local_import_cheaper" time="0.049" /><testcase classname="tests.test_imex_backend" name="test_import_vs_local_local_cheaper" time="0.045" /><testcase classname="tests.test_imex_backend" name="test_profit_mode" time="0.047" /><testcase classname="tests.test_imex_backend" name="test_assistant_chat_stream" time="2.545" /><testcase classname="tests.test_imex_backend" name="test_assistant_history" time="1.068" /></testsuite></testsuites>